Build started 8/4/2020 8:47:44 PM.
     1>Project "D:\c++\conditional_homework\conditional_homework\conditional_homework.vcxproj" on node 2 (build target(s)).
     1>InitializeBuildStatus:
         Creating "Debug\conditional_homework.unsuccessfulbuild" because "AlwaysCreate" was specified.
       ClCompile:
         C:\Program Files (x86)\Microsoft Visual Studio 10.0\VC\bin\CL.exe /c /ZI /nologo /W3 /WX- /Od /Oy- /D WIN32 /D _DEBUG /D _CONSOLE /D _UNICODE /D UNICODE /Gm /EHsc /RTC1 /MDd /GS /fp:precise /Zc:wchar_t /Zc:forScope /Fo"Debug\\" /Fd"Debug\vc100.pdb" /Gd /TP /analyze- /errorReport:prompt con_oprator.cpp
         con_oprator.cpp
     1>d:\c++\conditional_homework\conditional_homework\con_oprator.cpp(4): warning C4101: 'small' : unreferenced local variable
       ManifestResourceCompile:
         All outputs are up-to-date.
       Link:
         C:\Program Files (x86)\Microsoft Visual Studio 10.0\VC\bin\link.exe /ERRORREPORT:PROMPT /OUT:"D:\c++\conditional_homework\Debug\conditional_homework.exe" /INCREMENTAL /NOLOGO kernel32.lib user32.lib gdi32.lib winspool.lib comdlg32.lib advapi32.lib shell32.lib ole32.lib oleaut32.lib uuid.lib odbc32.lib odbccp32.lib /MANIFEST /ManifestFile:"Debug\conditional_homework.exe.intermediate.manifest" /MANIFESTUAC:"level='asInvoker' uiAccess='false'" /DEBUG /PDB:"D:\c++\conditional_homework\Debug\conditional_homework.pdb" /SUBSYSTEM:CONSOLE /TLBID:1 /DYNAMICBASE /NXCOMPAT /IMPLIB:"D:\c++\conditional_homework\Debug\conditional_homework.lib" /MACHINE:X86 Debug\conditional_homework.exe.embed.manifest.res
         Debug\con_oprator.obj
       Manifest:
         C:\Program Files (x86)\Microsoft SDKs\Windows\v7.0A\bin\mt.exe /nologo /verbose /out:"Debug\conditional_homework.exe.embed.manifest" /manifest Debug\conditional_homework.exe.intermediate.manifest
         All outputs are up-to-date.
       LinkEmbedManifest:
         All outputs are up-to-date.
         conditional_homework.vcxproj -> D:\c++\conditional_homework\Debug\conditional_homework.exe
       FinalizeBuildStatus:
         Deleting file "Debug\conditional_homework.unsuccessfulbuild".
         Touching "Debug\conditional_homework.lastbuildstate".
     1>Done Building Project "D:\c++\conditional_homework\conditional_homework\conditional_homework.vcxproj" (build target(s)).

Build succeeded.

Time Elapsed 00:00:00.94
